This is pdfTeX, Version 3.14159265-2.6-1.40.21 (MiKTeX 20.6.29) (preloaded format=pdflatex 2020.9.8)  8 OCT 2020 09:20
entering extended mode
**./tarea3.tex
(tarea3.tex
LaTeX2e <2020-02-02> patch level 5
L3 programming layer <2020-06-18>
(C:\Users\anahi\AppData\Local\Programs\MiKTeX\tex/latex/base\article.cls
Document Class: article 2019/12/20 v1.4l Standard LaTeX document class
(C:\Users\anahi\AppData\Local\Programs\MiKTeX\tex/latex/base\size10.clo
File: size10.clo 2019/12/20 v1.4l Standard LaTeX file (size option)
)
\c@part=\count167
\c@section=\count168
\c@subsection=\count169
\c@subsubsection=\count170
\c@paragraph=\count171
\c@subparagraph=\count172
\c@figure=\count173
\c@table=\count174
\abovecaptionskip=\skip47
\belowcaptionskip=\skip48
\bibindent=\dimen134
)
(C:\Users\anahi\AppData\Local\Programs\MiKTeX\tex/generic/babel\babel.sty
Package: babel 2020/06/10 3.45 The Babel package

(C:\Users\anahi\AppData\Local\Programs\MiKTeX\tex/generic/babel\babel.def
File: babel.def 2020/06/10 3.45 Babel common definitions
\babel@savecnt=\count175
\U@D=\dimen135
\l@babelnohyphens=\language79

(C:\Users\anahi\AppData\Local\Programs\MiKTeX\tex/generic/babel\txtbabel.def)
\bbl@readstream=\read2
)
\bbl@dirlevel=\count176

*************************************
* Local config file bblopts.cfg used
*
(C:\Users\anahi\AppData\Local\Programs\MiKTeX\tex/latex/arabi\bblopts.cfg
File: bblopts.cfg 2005/09/08 v0.1 add Arabic and Farsi to "declared" options of
 babel
)
(C:\Users\anahi\AppData\Local\Programs\MiKTeX\tex/latex/babel-spanish\spanish.l
df
Language: spanish.ldf 2016/03/03 v5.0p Spanish support from the babel system
\es@quottoks=\toks15
\es@quotdepth=\count177
Package babel Info: Making " an active character on input line 561.
Package babel Info: Making . an active character on input line 662.
Package babel Info: Making < an active character on input line 707.
Package babel Info: Making > an active character on input line 707.
)) (C:\Users\anahi\AppData\Local\Programs\MiKTeX\tex/latex/natbib\natbib.sty
Package: natbib 2010/09/13 8.31b (PWD, AO)
\bibhang=\skip49
\bibsep=\skip50
LaTeX Info: Redefining \cite on input line 694.
\c@NAT@ctr=\count178
) (C:\Users\anahi\AppData\Local\Programs\MiKTeX\tex/latex/base\fontenc.sty
Package: fontenc 2020/02/11 v2.0o Standard LaTeX package
)
(C:\Users\anahi\AppData\Local\Programs\MiKTeX\tex/latex/base\inputenc.sty
Package: inputenc 2018/08/11 v1.3c Input encoding file
\inpenc@prehook=\toks16
\inpenc@posthook=\toks17

(C:\Users\anahi\AppData\Local\Programs\MiKTeX\tex/latex/base\ansinew.def
File: ansinew.def 2018/08/11 v1.3c Input encoding file
))
(C:\Users\anahi\AppData\Local\Programs\MiKTeX\tex/latex/graphics\graphicx.sty
Package: graphicx 2019/11/30 v1.2a Enhanced LaTeX Graphics (DPC,SPQR)

(C:\Users\anahi\AppData\Local\Programs\MiKTeX\tex/latex/graphics\keyval.sty
Package: keyval 2014/10/28 v1.15 key=value parser (DPC)
\KV@toks@=\toks18
)
(C:\Users\anahi\AppData\Local\Programs\MiKTeX\tex/latex/graphics\graphics.sty
Package: graphics 2019/11/30 v1.4a Standard LaTeX Graphics (DPC,SPQR)

(C:\Users\anahi\AppData\Local\Programs\MiKTeX\tex/latex/graphics\trig.sty
Package: trig 2016/01/03 v1.10 sin cos tan (DPC)
)
(C:\Users\anahi\AppData\Local\Programs\MiKTeX\tex/latex/graphics-cfg\graphics.c
fg
File: graphics.cfg 2016/06/04 v1.11 sample graphics configuration
)
Package graphics Info: Driver file: pdftex.def on input line 105.

(C:\Users\anahi\AppData\Local\Programs\MiKTeX\tex/latex/graphics-def\pdftex.def
File: pdftex.def 2018/01/08 v1.0l Graphics/color driver for pdftex
))
\Gin@req@height=\dimen136
\Gin@req@width=\dimen137
) (C:\Users\anahi\AppData\Local\Programs\MiKTeX\tex/latex/url\url.sty
\Urlmuskip=\muskip16
Package: url 2013/09/16  ver 3.4  Verb mode for urls, etc.
)
(C:\Users\anahi\AppData\Local\Programs\MiKTeX\tex/latex/caption\caption.sty
Package: caption 2020/09/12 v3.5b Customizing captions (AR)

(C:\Users\anahi\AppData\Local\Programs\MiKTeX\tex/latex/caption\caption3.sty
Package: caption3 2020/09/17 v2.1b caption3 kernel (AR)
\captionmargin=\dimen138
\captionmargin@=\dimen139
\captionwidth=\dimen140
\caption@tempdima=\dimen141
\caption@indent=\dimen142
\caption@parindent=\dimen143
\caption@hangindent=\dimen144
Package caption Info: Standard document class detected.
)
\c@caption@flags=\count179
\c@continuedfloat=\count180
)
(C:\Users\anahi\AppData\Local\Programs\MiKTeX\tex/latex/caption\subcaption.sty
Package: subcaption 2020/08/23 v1.3g Sub-captions (AR)
\c@subfigure=\count181
\c@subtable=\count182
) (C:\Users\anahi\AppData\Local\Programs\MiKTeX\tex/latex/float\float.sty
Package: float 2001/11/08 v1.3d Float enhancements (AL)
\c@float@type=\count183
\float@exts=\toks19
\float@box=\box45
\@float@everytoks=\toks20
\@floatcapt=\box46
)
(C:\Users\anahi\AppData\Local\Programs\MiKTeX\tex/latex/l3backend\l3backend-pdf
mode.def
File: l3backend-pdfmode.def 2020-06-29 L3 backend support: PDF mode
\l__kernel_color_stack_int=\count184
\l__pdf_internal_box=\box47
) (tarea3.aux
LaTeX Info: Redefining \. on input line 10.
LaTeX Info: Redefining \% on input line 10.


LaTeX Warning: Label `met' multiply defined.


LaTeX Warning: Label `fig:westminster_aerea' multiply defined.


LaTeX Warning: Label `sub@fig:westminster_aerea' multiply defined.


LaTeX Warning: Label `fig:westminster_aerea' multiply defined.


LaTeX Warning: Label `sub@fig:westminster_aerea' multiply defined.


LaTeX Warning: Label `fig:westminster_aerea' multiply defined.


LaTeX Warning: Label `sub@fig:westminster_aerea' multiply defined.


LaTeX Warning: Label `fig:westminster_aerea' multiply defined.


LaTeX Warning: Label `sub@fig:westminster_aerea' multiply defined.


LaTeX Warning: Label `fig:westminster_aerea' multiply defined.


LaTeX Warning: Label `sub@fig:westminster_aerea' multiply defined.


LaTeX Warning: Label `fig:westminster_aerea' multiply defined.


LaTeX Warning: Label `sub@fig:westminster_aerea' multiply defined.

)
\openout1 = `tarea3.aux'.

LaTeX Font Info:    Checking defaults for OML/cmm/m/it on input line 16.
LaTeX Font Info:    ... okay on input line 16.
LaTeX Font Info:    Checking defaults for OMS/cmsy/m/n on input line 16.
LaTeX Font Info:    ... okay on input line 16.
LaTeX Font Info:    Checking defaults for OT1/cmr/m/n on input line 16.
LaTeX Font Info:    ... okay on input line 16.
LaTeX Font Info:    Checking defaults for T1/cmr/m/n on input line 16.
LaTeX Font Info:    ... okay on input line 16.
LaTeX Font Info:    Checking defaults for TS1/cmr/m/n on input line 16.
LaTeX Font Info:    ... okay on input line 16.
LaTeX Font Info:    Checking defaults for OMX/cmex/m/n on input line 16.
LaTeX Font Info:    ... okay on input line 16.
LaTeX Font Info:    Checking defaults for U/cmr/m/n on input line 16.
LaTeX Font Info:    ... okay on input line 16.
LaTeX Info: Redefining \. on input line 16.
LaTeX Info: Redefining \% on input line 16.

(C:\Users\anahi\AppData\Local\Programs\MiKTeX\tex/context/base/mkii\supp-pdf.mk
ii
[Loading MPS to PDF converter (version 2006.09.02).]
\scratchcounter=\count185
\scratchdimen=\dimen145
\scratchbox=\box48
\nofMPsegments=\count186
\nofMParguments=\count187
\everyMPshowfont=\toks21
\MPscratchCnt=\count188
\MPscratchDim=\dimen146
\MPnumerator=\count189
\makeMPintoPDFobject=\count190
\everyMPtoPDFconversion=\toks22
)
(C:\Users\anahi\AppData\Local\Programs\MiKTeX\tex/latex/epstopdf-pkg\epstopdf-b
ase.sty
Package: epstopdf-base 2020-01-24 v2.11 Base part for package epstopdf
Package epstopdf-base Info: Redefining graphics rule for `.eps' on input line 4
85.
)
Package caption Info: Begin \AtBeginDocument code.
Package caption Info: float package is loaded.
Package caption Info: End \AtBeginDocument code.
LaTeX Font Info:    External font `cmex10' loaded for size
(Font)              <12> on input line 18.
LaTeX Font Info:    External font `cmex10' loaded for size
(Font)              <8> on input line 18.
LaTeX Font Info:    External font `cmex10' loaded for size
(Font)              <6> on input line 18.
<tareatresparamil.jpeg, id=1, 642.4pt x 481.8pt>
File: tareatresparamil.jpeg Graphic file (type jpg)
<use tareatresparamil.jpeg>
Package pdftex.def Info: tareatresparamil.jpeg  used on input line 35.
(pdftex.def)             Requested size: 155.24895pt x 116.43568pt.
<tareatresparamilgrafica.jpeg, id=2, 642.4pt x 481.8pt>
File: tareatresparamilgrafica.jpeg Graphic file (type jpg)
<use tareatresparamilgrafica.jpeg>
Package pdftex.def Info: tareatresparamilgrafica.jpeg  used on input line 40.
(pdftex.def)             Requested size: 155.24895pt x 116.43568pt.
<tareatresparadosmil.jpeg, id=3, 642.4pt x 481.8pt>
File: tareatresparadosmil.jpeg Graphic file (type jpg)
<use tareatresparadosmil.jpeg>
Package pdftex.def Info: tareatresparadosmil.jpeg  used on input line 45.
(pdftex.def)             Requested size: 155.24895pt x 116.43568pt.
<tareatresparadosmilgrafica.jpeg, id=4, 642.4pt x 481.8pt>
File: tareatresparadosmilgrafica.jpeg Graphic file (type jpg)
<use tareatresparadosmilgrafica.jpeg>
Package pdftex.def Info: tareatresparadosmilgrafica.jpeg  used on input line 50
.
(pdftex.def)             Requested size: 155.24895pt x 116.43568pt.
<tareatresparatresmil.jpeg, id=5, 642.4pt x 481.8pt>
File: tareatresparatresmil.jpeg Graphic file (type jpg)
<use tareatresparatresmil.jpeg>
Package pdftex.def Info: tareatresparatresmil.jpeg  used on input line 55.
(pdftex.def)             Requested size: 155.24895pt x 116.43568pt.
<tareatresparatresmilgrafica.jpeg, id=6, 642.4pt x 481.8pt>
File: tareatresparatresmilgrafica.jpeg Graphic file (type jpg)
<use tareatresparatresmilgrafica.jpeg>
Package pdftex.def Info: tareatresparatresmilgrafica.jpeg  used on input line 6
0.
(pdftex.def)             Requested size: 155.24895pt x 116.43568pt.
<tareatresparacuatromil.jpeg, id=7, 642.4pt x 481.8pt>
File: tareatresparacuatromil.jpeg Graphic file (type jpg)
<use tareatresparacuatromil.jpeg>
Package pdftex.def Info: tareatresparacuatromil.jpeg  used on input line 65.
(pdftex.def)             Requested size: 155.24895pt x 116.43568pt.
<tareatresparacuatromilgrafica.jpeg, id=8, 642.4pt x 481.8pt>
File: tareatresparacuatromilgrafica.jpeg Graphic file (type jpg)
<use tareatresparacuatromilgrafica.jpeg>
Package pdftex.def Info: tareatresparacuatromilgrafica.jpeg  used on input line
 70.
(pdftex.def)             Requested size: 155.24895pt x 116.43568pt.
 [1

{C:/Users/anahi/AppData/Local/MiKTeX/pdftex/config/pdftex.map}]
Overfull \vbox (52.74274pt too high) has occurred while \output is active []


[2 <./tareatresparamil.jpeg> <./tareatresparamilgrafica.jpeg> <./tareatresparad
osmil.jpeg> <./tareatresparadosmilgrafica.jpeg> <./tareatresparatresmil.jpeg> <
./tareatresparatresmilgrafica.jpeg> <./tareatresparacuatromil.jpeg> <./tareatre
sparacuatromilgrafica.jpeg>] (tarea3.bbl
LaTeX Font Info:    Trying to load font information for T1+cmtt on input line 1
2.

(C:\Users\anahi\AppData\Local\Programs\MiKTeX\tex/latex/base\t1cmtt.fd
File: t1cmtt.fd 2019/12/16 v2.5j Standard LaTeX font definitions
)
LaTeX Font Info:    External font `cmex10' loaded for size
(Font)              <7> on input line 12.
LaTeX Font Info:    External font `cmex10' loaded for size
(Font)              <5> on input line 12.
)
[3] (tarea3.aux
LaTeX Info: Redefining \. on input line 10.
LaTeX Info: Redefining \% on input line 10.
)

LaTeX Warning: There were multiply-defined labels.

 ) 
Here is how much of TeX's memory you used:
 4311 strings out of 480790
 67285 string characters out of 2897302
 321134 words of memory out of 3000000
 20297 multiletter control sequences out of 15000+200000
 539990 words of font info for 40 fonts, out of 3000000 for 9000
 1141 hyphenation exceptions out of 8191
 39i,7n,43p,560b,438s stack positions out of 5000i,500n,10000p,200000b,50000s
 <C:\Users\anahi\AppData\Local\MiKTeX\fonts/pk/ljfour/jknappen/ec/dpi600\ectt
1000.pk> <C:\Users\anahi\AppData\Local\MiKTeX\fonts/pk/ljfour/jknappen/ec/dpi60
0\ecrm0900.pk> <C:\Users\anahi\AppData\Local\MiKTeX\fonts/pk/ljfour/jknappen/ec
/dpi600\ecrm1000.pk> <C:\Users\anahi\AppData\Local\MiKTeX\fonts/pk/ljfour/jknap
pen/ec/dpi600\ecbx1440.pk> <C:\Users\anahi\AppData\Local\MiKTeX\fonts/pk/ljfour
/jknappen/ec/dpi600\ecrm1200.pk> <C:\Users\anahi\AppData\Local\MiKTeX\fonts/pk/
ljfour/jknappen/ec/dpi600\ecrm1728.pk>
Output written on tarea3.pdf (3 pages, 249727 bytes).
PDF statistics:
 215 PDF objects out of 1000 (max. 8388607)
 0 named destinations out of 1000 (max. 500000)
 41 words of extra memory for PDF output out of 10000 (max. 10000000)

